Not searching for unused variables given on the command line.
[36m--[0m The C compiler identification is GNU 11.4.0
[36m--[0m The CXX compiler identification is GNU 11.4.0
[36m--[0m Detecting C compiler ABI info
[36m--[0m Detecting C compiler ABI info - done
[36m--[0m Check for working C compiler: /usr/lib/ccache/cc - skipped
[36m--[0m Detecting C compile features
[36m--[0m Detecting C compile features - done
[36m--[0m Detecting CXX compiler ABI info
[36m--[0m Detecting CXX compiler ABI info - done
[36m--[0m Check for working CXX compiler: /usr/lib/ccache/c++ - skipped
[36m--[0m Detecting CXX compile features
[36m--[0m Detecting CXX compile features - done
[36m--[0m Using CATKIN_DEVEL_PREFIX: /home/kuavo/kuavo-ros-following/devel/.private/kuavo_person_follow
[36m--[0m Using CMAKE_PREFIX_PATH: /home/kuavo/kuavo-ros-following/devel;/opt/ros/noetic;/usr/local/share/octomap;/usr/local/share/octomap;/usr/local/share/octomap;/home/kuavo/ROS2_ws/install/ros2_orbslam
[36m--[0m This workspace overlays: /home/kuavo/kuavo-ros-following/devel;/opt/ros/noetic
[36m--[0m Found PythonInterp: /usr/bin/python3 (found suitable version "3.10.12", minimum required is "3")
[36m--[0m Using PYTHON_EXECUTABLE: /usr/bin/python3
[36m--[0m Using Debian Python package layout
[36m--[0m Using empy: /usr/bin/empy
[36m--[0m Using CATKIN_ENABLE_TESTING: ON
[36m--[0m Call enable_testing()
[36m--[0m Using CATKIN_TEST_RESULTS_DIR: /home/kuavo/kuavo-ros-following/build/kuavo_person_follow/test_results
[36m--[0m Forcing gtest/gmock from source, though one was otherwise available.
[36m--[0m Found gtest sources under '/usr/src/googletest': gtests will be built
[36m--[0m Found gmock sources under '/usr/src/googletest': gmock will be built
[36m--[0m Found Python: /usr/bin/python3.10 (found version "3.10.12") found components: Interpreter
[36m--[0m Found Threads: TRUE
[36m--[0m Using Python nosetests: /usr/bin/nosetests3
[36m--[0m catkin 0.8.10
[36m--[0m BUILD_SHARED_LIBS is on
[36m--[0m Using these message generators: gencpp;geneus;genlisp;gennodejs;genpy
[36m--[0m kuavo_person_follow: 1 messages, 0 services
[36m--[0m Installing devel-space wrapper /home/kuavo/kuavo-ros-following/src/yolo8-person-detector/ros_kuavo_person_follow/scripts/vision_person_tracker_node.py to /home/kuavo/kuavo-ros-following/devel/.private/kuavo_person_follow/lib/kuavo_person_follow
[36m--[0m Installing devel-space wrapper /home/kuavo/kuavo-ros-following/src/yolo8-person-detector/ros_kuavo_person_follow/scripts/follow_controller_node.py to /home/kuavo/kuavo-ros-following/devel/.private/kuavo_person_follow/lib/kuavo_person_follow
[36m--[0m Installing devel-space wrapper /home/kuavo/kuavo-ros-following/src/yolo8-person-detector/ros_kuavo_person_follow/scripts/kuavo_lowlevel_bridge_node.py to /home/kuavo/kuavo-ros-following/devel/.private/kuavo_person_follow/lib/kuavo_person_follow
[36m--[0m Configuring done
[36m--[0m Generating done
[36m--[0m Build files have been written to: /home/kuavo/kuavo-ros-following/build/kuavo_person_follow
