Symlinking /home/kuavo/kuavo-ros-following/devel/share/common-lisp/ros/kuavo_person_follow/msg/_package.lisp
Symlinking /home/kuavo/kuavo-ros-following/devel/share/common-lisp/ros/kuavo_person_follow/msg/PersonState.lisp
Symlinking /home/kuavo/kuavo-ros-following/devel/share/common-lisp/ros/kuavo_person_follow/msg/_package_PersonState.lisp
Symlinking /home/kuavo/kuavo-ros-following/devel/share/common-lisp/ros/kuavo_person_follow/msg/kuavo_person_follow-msg.asd
Symlinking /home/kuavo/kuavo-ros-following/devel/share/kuavo_person_follow/cmake/kuavo_person_followConfig-version.cmake
Symlinking /home/kuavo/kuavo-ros-following/devel/share/kuavo_person_follow/cmake/kuavo_person_followConfig.cmake
Symlinking /home/kuavo/kuavo-ros-following/devel/share/kuavo_person_follow/cmake/kuavo_person_follow-msg-extras.cmake
Symlinking /home/kuavo/kuavo-ros-following/devel/share/kuavo_person_follow/cmake/kuavo_person_follow-msg-paths.cmake
Symlinking /home/kuavo/kuavo-ros-following/devel/share/gennodejs/ros/kuavo_person_follow/_index.js
Symlinking /home/kuavo/kuavo-ros-following/devel/share/gennodejs/ros/kuavo_person_follow/msg/_index.js
Symlinking /home/kuavo/kuavo-ros-following/devel/share/gennodejs/ros/kuavo_person_follow/msg/PersonState.js
Symlinking /home/kuavo/kuavo-ros-following/devel/share/roseus/ros/kuavo_person_follow/manifest.l
Symlinking /home/kuavo/kuavo-ros-following/devel/share/roseus/ros/kuavo_person_follow/msg/PersonState.l
Symlinking /home/kuavo/kuavo-ros-following/devel/lib/kuavo_person_follow/cmake.lock
Symlinking /home/kuavo/kuavo-ros-following/devel/lib/kuavo_person_follow/follow_controller_node.py
Symlinking /home/kuavo/kuavo-ros-following/devel/lib/kuavo_person_follow/kuavo_lowlevel_bridge_node.py
Symlinking /home/kuavo/kuavo-ros-following/devel/lib/kuavo_person_follow/vision_person_tracker_node.py
Symlinking /home/kuavo/kuavo-ros-following/devel/lib/python3/dist-packages/kuavo_person_follow/__init__.py
Symlinking /home/kuavo/kuavo-ros-following/devel/lib/python3/dist-packages/kuavo_person_follow/msg/_PersonState.py
Symlinking /home/kuavo/kuavo-ros-following/devel/lib/python3/dist-packages/kuavo_person_follow/msg/__init__.py
Symlinking /home/kuavo/kuavo-ros-following/devel/lib/pkgconfig/kuavo_person_follow.pc
Symlinking /home/kuavo/kuavo-ros-following/devel/include/kuavo_person_follow/PersonState.h
